# JRE version: OpenJDK Runtime Environment (11.0.4+11) (build 11.0.4+11)
# Java VM: OpenJDK 64-Bit Server VM (11.0.4+11, mixed mode, tiered, compressed oops, g1 gc, windows-amd64)
Heap:
 garbage-first heap   total 262144K, used 43256K [0x0000000701c00000, 0x0000000800000000)
  region size 1024K, 9 young (9216K), 6 survivors (6144K)
 Metaspace       used 39462K, capacity 41232K, committed 41344K, reserved 1085440K
  class space    used 4955K, capacity 5720K, committed 5760K, reserved 1048576K
GC Heap History (10 events):
Event: 1.413 GC heap before
{Heap before GC invocations=1 (full 0):
 garbage-first heap   total 262144K, used 60669K [0x0000000701c00000, 0x0000000800000000)
  region size 1024K, 43 young (44032K), 3 survivors (3072K)
 Metaspace       used 20505K, capacity 21225K, committed 21248K, reserved 1067008K
  class space    used 2530K, capacity 2801K, committed 2816K, reserved 1048576K
}
Event: 1.420 GC heap after
{Heap after GC invocations=2 (full 0):
 garbage-first heap   total 262144K, used 24166K [0x0000000701c00000, 0x0000000800000000)
  region size 1024K, 10 young (10240K), 10 survivors (10240K)
 Metaspace       used 20505K, capacity 21225K, committed 21248K, reserved 1067008K
  class space    used 2530K, capacity 2801K, committed 2816K, reserved 1048576K
}
Event: 2.933 GC heap before
{Heap before GC invocations=3 (full 0):
 garbage-first heap   total 262144K, used 76390K [0x0000000701c00000, 0x0000000800000000)
  region size 1024K, 58 young (59392K), 10 survivors (10240K)
 Metaspace       used 33736K, capacity 35105K, committed 35200K, reserved 1079296K
  class space    used 4402K, capacity 4990K, committed 4992K, reserved 1048576K
}
Event: 2.945 GC heap after
{Heap after GC invocations=4 (full 0):
 garbage-first heap   total 262144K, used 36379K [0x0000000701c00000, 0x0000000800000000)
  region size 1024K, 7 young (7168K), 7 survivors (7168K)
 Metaspace       used 33736K, capacity 35105K, committed 35200K, reserved 1079296K
  class space    used 4402K, capacity 4990K, committed 4992K, reserved 1048576K
}
Event: 3.062 GC heap before
{Heap before GC invocations=4 (full 0):
 garbage-first heap   total 262144K, used 42523K [0x0000000701c00000, 0x0000000800000000)
  region size 1024K, 14 young (14336K), 7 survivors (7168K)
 Metaspace       used 34117K, capacity 35467K, committed 35584K, reserved 1079296K
  class space    used 4451K, capacity 5026K, committed 5120K, reserved 1048576K
}
Event: 3.069 GC heap after
{Heap after GC invocations=5 (full 0):
 garbage-first heap   total 262144K, used 37096K [0x0000000701c00000, 0x0000000800000000)
  region size 1024K, 1 young (1024K), 1 survivors (1024K)
 Metaspace       used 34117K, capacity 35467K, committed 35584K, reserved 1079296K
  class space    used 4451K, capacity 5026K, committed 5120K, reserved 1048576K
}
Event: 11.097 GC heap before
{Heap before GC invocations=6 (full 0):
 garbage-first heap   total 262144K, used 139496K [0x0000000701c00000, 0x0000000800000000)
  region size 1024K, 90 young (92160K), 1 survivors (1024K)
 Metaspace       used 39192K, capacity 40949K, committed 41088K, reserved 1085440K
  class space    used 4950K, capacity 5715K, committed 5760K, reserved 1048576K
}
Event: 11.103 GC heap after
{Heap after GC invocations=7 (full 0):
 garbage-first heap   total 262144K, used 41384K [0x0000000701c00000, 0x0000000800000000)
  region size 1024K, 6 young (6144K), 6 survivors (6144K)
 Metaspace       used 39192K, capacity 40949K, committed 41088K, reserved 1085440K
  class space    used 4950K, capacity 5715K, committed 5760K, reserved 1048576K
}
Event: 18.413 GC heap before
{Heap before GC invocations=7 (full 0):
 garbage-first heap   total 262144K, used 156072K [0x0000000701c00000, 0x0000000800000000)
  region size 1024K, 118 young (120832K), 6 survivors (6144K)
 Metaspace       used 39418K, capacity 41221K, committed 41344K, reserved 1085440K
  class space    used 4952K, capacity 5715K, committed 5760K, reserved 1048576K
}
Event: 18.417 GC heap after
{Heap after GC invocations=8 (full 0):
 garbage-first heap   total 262144K, used 41208K [0x0000000701c00000, 0x0000000800000000)
  region size 1024K, 6 young (6144K), 6 survivors (6144K)
 Metaspace       used 39418K, capacity 41221K, committed 41344K, reserved 1085440K
  class space    used 4952K, capacity 5715K, committed 5760K, reserved 1048576K
}

