# JRE version: OpenJDK Runtime Environment (11.0.4+11) (build 11.0.4+11)
# Java VM: OpenJDK 64-Bit Server VM (11.0.4+11, mixed mode, tiered, compressed oops, g1 gc, windows-amd64)
Heap:
 garbage-first heap   total 262144K, used 184737K [0x0000000701c00000, 0x0000000800000000)
  region size 1024K, 153 young (156672K), 12 survivors (12288K)
 Metaspace       used 39731K, capacity 41508K, committed 41600K, reserved 1085440K
  class space    used 4952K, capacity 5722K, committed 5760K, reserved 1048576K
GC Heap History (10 events):
Event: 0.734 GC heap before
{Heap before GC invocations=0 (full 0):
 garbage-first heap   total 262144K, used 23552K [0x0000000701c00000, 0x0000000800000000)
  region size 1024K, 24 young (24576K), 0 survivors (0K)
 Metaspace       used 11730K, capacity 12119K, committed 12160K, reserved 1060864K
  class space    used 1221K, capacity 1382K, committed 1408K, reserved 1048576K
}
Event: 0.737 GC heap after
{Heap after GC invocations=1 (full 0):
 garbage-first heap   total 262144K, used 3209K [0x0000000701c00000, 0x0000000800000000)
  region size 1024K, 3 young (3072K), 3 survivors (3072K)
 Metaspace       used 11730K, capacity 12119K, committed 12160K, reserved 1060864K
  class space    used 1221K, capacity 1382K, committed 1408K, reserved 1048576K
}
Event: 1.449 GC heap before
{Heap before GC invocations=1 (full 0):
 garbage-first heap   total 262144K, used 60553K [0x0000000701c00000, 0x0000000800000000)
  region size 1024K, 43 young (44032K), 3 survivors (3072K)
 Metaspace       used 20522K, capacity 21228K, committed 21248K, reserved 1067008K
  class space    used 2532K, capacity 2801K, committed 2816K, reserved 1048576K
}
Event: 1.457 GC heap after
{Heap after GC invocations=2 (full 0):
 garbage-first heap   total 262144K, used 24869K [0x0000000701c00000, 0x0000000800000000)
  region size 1024K, 11 young (11264K), 11 survivors (11264K)
 Metaspace       used 20522K, capacity 21228K, committed 21248K, reserved 1067008K
  class space    used 2532K, capacity 2801K, committed 2816K, reserved 1048576K
}
Event: 3.299 GC heap before
{Heap before GC invocations=3 (full 0):
 garbage-first heap   total 262144K, used 80165K [0x0000000701c00000, 0x0000000800000000)
  region size 1024K, 61 young (62464K), 11 survivors (11264K)
 Metaspace       used 33798K, capacity 35229K, committed 35456K, reserved 1079296K
  class space    used 4405K, capacity 4990K, committed 4992K, reserved 1048576K
}
Event: 3.312 GC heap after
{Heap after GC invocations=4 (full 0):
 garbage-first heap   total 262144K, used 36421K [0x0000000701c00000, 0x0000000800000000)
  region size 1024K, 8 young (8192K), 8 survivors (8192K)
 Metaspace       used 33798K, capacity 35229K, committed 35456K, reserved 1079296K
  class space    used 4405K, capacity 4990K, committed 4992K, reserved 1048576K
}
Event: 3.343 GC heap before
{Heap before GC invocations=4 (full 0):
 garbage-first heap   total 262144K, used 39493K [0x0000000701c00000, 0x0000000800000000)
  region size 1024K, 12 young (12288K), 8 survivors (8192K)
 Metaspace       used 34102K, capacity 35458K, committed 35584K, reserved 1079296K
  class space    used 4445K, capacity 5024K, committed 5120K, reserved 1048576K
}
Event: 3.349 GC heap after
{Heap after GC invocations=5 (full 0):
 garbage-first heap   total 262144K, used 36465K [0x0000000701c00000, 0x0000000800000000)
  region size 1024K, 8 young (8192K), 8 survivors (8192K)
 Metaspace       used 34102K, capacity 35458K, committed 35584K, reserved 1079296K
  class space    used 4445K, capacity 5024K, committed 5120K, reserved 1048576K
}
Event: 23.054 GC heap before
{Heap before GC invocations=6 (full 0):
 garbage-first heap   total 262144K, used 196209K [0x0000000701c00000, 0x0000000800000000)
  region size 1024K, 153 young (156672K), 8 survivors (8192K)
 Metaspace       used 39223K, capacity 41026K, committed 41088K, reserved 1085440K
  class space    used 4952K, capacity 5721K, committed 5760K, reserved 1048576K
}
Event: 23.062 GC heap after
{Heap after GC invocations=7 (full 0):
 garbage-first heap   total 262144K, used 41377K [0x0000000701c00000, 0x0000000800000000)
  region size 1024K, 12 young (12288K), 12 survivors (12288K)
 Metaspace       used 39223K, capacity 41026K, committed 41088K, reserved 1085440K
  class space    used 4952K, capacity 5721K, committed 5760K, reserved 1048576K
}

